 The Intel 20.2 compilers are in your path. This is adequate for compiling and
running most codes. Source compilervars.sh for more features including the
debugger. 
 The Intel MPI 2020.2 is in your path. This is adequate for compiling and
running most codes. Run "source
/util/academic/intel/20.2/compilers_and_libraries_2020.2.254/linux/mpi/intel64/bin/mpivars.sh"
for more features including the debugger. 
 The Intel 19.5 compilers are in your path. This is adequate for compiling and
running most codes. Source compilervars.sh for more features including the
debugger. 

The following have been reloaded with a version change:
  1) intel/20.2 => intel/19.5

 The Intel MPI 2019.5 is in your path. This is adequate for compiling and
running most codes. Run "source
/util/academic/intel/19.5/compilers_and_libraries_2019.5.281/linux/mpi/intel64/bin/mpivars.sh"
for more features including the debugger. 

The following have been reloaded with a version change:
  1) intel-mpi/2020.2 => intel-mpi/2019.5

 The MKL Libraries are in your library path. This is adequate for compiling and
running most codes. Source $MKL/bin/mklvars.sh" for more features. 
