Number of elements in the mechanism : 4
-------------------------------------------
  No.    Name       Mass 
    1       O     1.600e+01
    2       H     1.008e+00
    3       C     1.201e+01
    4       N     1.401e+01

Number of species in the mechanism : 6
-----------------------------------------------------------
  No.           Name            Mass        Element content
                                            O   H   C   N 
-----------------------------------------------------------
    1                  O2     3.200e+01     2   0   0   0 
    2                 H2O     1.802e+01     1   2   0   0 
    3                 CH4     1.604e+01     0   4   1   0 
    4                  CO     2.801e+01     1   0   1   0 
    5                 CO2     4.401e+01     2   0   1   0 
    6                  N2     2.801e+01     0   0   0   2 

Number of reactions in the mechanism : 2
---------------------------------------------------------------------
Pre-exponential factor and activation energy units : moles & cal/mole
---------------------------------------------------------------------
   1-> 1.000000CH4 + 1.500000O2 => 1.000000CO + 2.000000H2O
    --> Arrhenius coefficients (forward) :  2.1067e+15   0.00   3.5000e+04
    --> Change in reaction order    : Forward
                                       CH4        :  0.90
                                       O2         :  1.10
                                      Reverse
                                      

   2-> 1.000000CO + 0.500000O2 <=> 1.000000CO2
    --> Arrhenius coefficients (forward) :  2.0966e+09   0.00   1.2000e+04

