 $ LHS File Format Version 1.00 
$
$ This LHS run was executed on  4/ 6/22 at 19: 6: 3.07
$ with LHS Version: 2.30 Release 1, Compiled May 31, 2001        
$ The run title was:
$ Pecos::LHSDriver
$
$ Message output file for this run: LHS_distributions.out
$
$ Input file(s) for this run: 
$
$ Point Values for the distributions follow:
$
$ All point values represent mean values that
$ were calculated from the actual LHS sample.
$
    Uniform1              1.9999265E+00
    Uniform2              2.0001730E+00
$
@UNCERTAINTY
  @OBSERVATIONS    100
  @VARIABLES      2
    Uniform1:          
    Uniform2:          
@SAMPLEDATA
           1           2   1.8249694023672491        1.8002205091733485     
           2           2   1.7042145708873870        1.9080825082566588     
           3           2   1.7675473867356777        2.2562479604016992     
           4           2   1.9591376027222722        2.2359535946249962     
           5           2   1.7034150078464301        1.7852155548240989     
           6           2   2.1844986168351026        2.1836923636384311     
           7           2   2.1263347760122269        2.2947871233969925     
           8           2   2.0755528735257687        2.3957073804065585     
           9           2   1.8824866318088025        1.7030200822204353     
          10           2   2.1775002084020527        2.3470860476661470     
          11           2   1.9762160625401883        2.2292044362723828     
          12           2   2.3749719715025273        1.7609271513521672     
          13           2   2.3965452926028519        1.6601343779060991     
          14           2   2.0023649132475256        1.8595817523542792     
          15           2   2.3147936809714884        1.9521778355445711     
          16           2   2.1464552836287769        1.9227912730034440     
          17           2   1.7448232394643128        1.7451541170831770     
          18           2   2.3576391545236111        2.1964439772199840     
          19           2   2.0820883861109616        2.1663363170307131     
          20           2   2.3261872126236556        1.9901708970069885     
          21           2   2.1726058900356295        1.7404383746869863     
          22           2   1.9603526364266872        2.2876485591661182     
          23           2   2.0365937722399829        2.2662741328813136     
          24           2   1.7286994535960256        1.6779978211093696     
          25           2   1.6274672166500241        2.3637852590568365     
          26           2   1.8733618382271380        1.6256485760807993     
          27           2   1.6538364290632308        2.0439084183257075     
          28           2   2.2623434222806247        1.8385205418393016     
          29           2   2.0256681467909368        1.9199929925706236     
          30           2   2.1138495869673788        2.1887304391227662     
          31           2   2.2804621657710520        1.6500966744255277     
          32           2   2.2142516908422114        2.1063811400756243     
          33           2   1.9715665250997989        2.1030682639554144     
          34           2   2.0534978449176999        1.7109038146827371     
          35           2   2.0166258498635141        1.8147389101944864     
          36           2   1.8543244450110943        1.6103507553655656     
          37           2   1.9142544416412710        2.1346669222712520     
          38           2   1.9118252445682882        1.6820279252547772     
          39           2   1.7743265463896096        1.7178268885742873     
          40           2   2.2302202646564693        1.8302738885488361     
          41           2   1.6673616030402483        1.7695611054133624     
          42           2   1.6579360424969347        1.8542730867825450     
          43           2   1.9348721571024508        2.0398849636539818     
          44           2   1.8631434566378595        2.3037627697288987     
          45           2   2.3892786737531422        2.1162872254420071     
          46           2   1.7120605249293148        1.8714148584436627     
          47           2   2.3037368382923304        2.1527509269025180     
          48           2   2.3674746474698183        1.7826953892707824     
          49           2   2.2077986360378565        2.0289668241143226     
          50           2   1.6840893245190383        2.2036923041865233     
          51           2   2.0577103946134447        1.7942093870770186     
          52           2   1.9472124380096794        1.9008737814854830     
          53           2   2.1330996772553772        1.9411167987585067     
          54           2   2.3280268011372534        2.0864681993201377     
          55           2   1.8154419280104339        1.8416910882685333     
          56           2   2.2725753660071639        1.6461135906074198     
          57           2   1.9941172010451556        2.3871606589872387     
          58           2   2.1662789754569531        2.2447216865252706     
          59           2   1.9022459415476769        1.9328781199995428     
          60           2   2.3810642593502997        2.1735668168775737     
          61           2   1.6055269726794215        1.6659698241390288     
          62           2   1.6889243270847949        2.3052036097384989     
          63           2   1.8196811706572771        2.3293893231246621     
          64           2   2.0985646307691934        2.1496888172533364     
          65           2   1.7200644350443035        2.2118560640923679     
          66           2   2.0449483730066569        2.2177871451359246     
          67           2   1.8050239744689316        1.9987410126868634     
          68           2   2.2543222133107488        2.3123548406269401     
          69           2   1.6339428528547288        2.0104256022609772     
          70           2   1.7929026788845659        2.1392494601905345     
          71           2   2.3434948440566656        2.0170344027113170     
          72           2   1.7844646805785596        2.3267928785122929     
          73           2   1.6762331839315594        2.2545417272690687     
          74           2   1.6229533266369254        1.8223093714229763     
          75           2   1.8443760358225556        1.9472880199700593     
          76           2   2.2422956740744415        1.7554413922149688     
          77           2   1.6124591667912902        1.6399660846181214     
          78           2   1.7525819211639464        2.0067508552037179     
          79           2   2.0153677200190723        2.0734440148063005     
          80           2   2.0692834863308818        2.3838581635896117     
          81           2   2.3482517266757785        1.6202031147256495     
          82           2   1.7776916956957429        1.9669168986268342     
          83           2   1.7376246324926614        1.8739931322783232     
          84           2   2.1427499603498728        2.3559201081637293     
          85           2   2.2678070601746443        1.6911841893699022     
          86           2   2.0930062328726056        1.8829548164848240     
          87           2   1.9214984650388360        2.3376231702230870     
          88           2   1.8946138064786791        2.0943657460063698     
          89           2   2.1980318298097701        2.2759253991078583     
          90           2   1.9863465026970952        2.3724835204817354     
          91           2   1.6454950140770526        2.0669899151232096     
          92           2   2.3091522082164881        2.0507916389070453     
          93           2   2.2209692178703846        1.9774164569899439     
          94           2   1.8686353469379247        1.8914776167552918     
          95           2   1.9362499510068445        1.6050477403625847     
          96           2   2.1578745246864859        1.9680544189065694     
          97           2   2.2899752965401858        1.7234729223232716     
          98           2   2.2362705225758255        2.0567006586138161     
          99           2   1.8369162147827447        1.7350950651001185     
         100           2   2.1066817507594826        2.1242863259725273     
