--------------------------------------------------------------------------
Sorry!  You were supposed to get help about:
    opal_init:startup:internal-failure
But I couldn't open the help file:
    /projects/sems/install/rhel7-x86_64/sems/compiler/gcc/4.8.5/openmpi/1.10.1/share/openmpi/help-opal-runtime.txt: No such file or directory.  Sorry!
--------------------------------------------------------------------------
--------------------------------------------------------------------------
Sorry!  You were supposed to get help about:
    orte_init:startup:internal-failure
But I couldn't open the help file:
    /projects/sems/install/rhel7-x86_64/sems/compiler/gcc/4.8.5/openmpi/1.10.1/share/openmpi/help-orte-runtime: No such file or directory.  Sorry!
--------------------------------------------------------------------------
--------------------------------------------------------------------------
Sorry!  You were supposed to get help about:
    mpi_init:startup:internal-failure
But I couldn't open the help file:
    /projects/sems/install/rhel7-x86_64/sems/compiler/gcc/4.8.5/openmpi/1.10.1/share/openmpi/help-mpi-runtime: No such file or directory.  Sorry!
--------------------------------------------------------------------------
--------------------------------------------------------------------------
Sorry!  You were supposed to get help about:
    opal_init:startup:internal-failure
But I couldn't open the help file:
    /projects/sems/install/rhel7-x86_64/sems/compiler/gcc/4.8.5/openmpi/1.10.1/share/openmpi/help-opal-runtime.txt: No such file or directory.  Sorry!
--------------------------------------------------------------------------
--------------------------------------------------------------------------
Sorry!  You were supposed to get help about:
    orte_init:startup:internal-failure
But I couldn't open the help file:
    /projects/sems/install/rhel7-x86_64/sems/compiler/gcc/4.8.5/openmpi/1.10.1/share/openmpi/help-orte-runtime: No such file or directory.  Sorry!
--------------------------------------------------------------------------
--------------------------------------------------------------------------
Sorry!  You were supposed to get help about:
    mpi_init:startup:internal-failure
But I couldn't open the help file:
    /projects/sems/install/rhel7-x86_64/sems/compiler/gcc/4.8.5/openmpi/1.10.1/share/openmpi/help-mpi-runtime: No such file or directory.  Sorry!
--------------------------------------------------------------------------
*** An error occurred in MPI_Init
*** on a NULL communicator
*** MPI_ERRORS_ARE_FATAL (processes in this communicator will now abort,
***    and potentially your MPI job)
[cpn-u22-39.compute.cbls.ccr.buffalo.edu:55413] Local abort before MPI_INIT completed successfully; not able to aggregate error messages, and not able to guarantee that all other processes were killed!
--------------------------------------------------------------------------
Sorry!  You were supposed to get help about:
    opal_init:startup:internal-failure
But I couldn't open the help file:
    /projects/sems/install/rhel7-x86_64/sems/compiler/gcc/4.8.5/openmpi/1.10.1/share/openmpi/help-opal-runtime.txt: No such file or directory.  Sorry!
--------------------------------------------------------------------------
--------------------------------------------------------------------------
Sorry!  You were supposed to get help about:
    orte_init:startup:internal-failure
But I couldn't open the help file:
    /projects/sems/install/rhel7-x86_64/sems/compiler/gcc/4.8.5/openmpi/1.10.1/share/openmpi/help-orte-runtime: No such file or directory.  Sorry!
--------------------------------------------------------------------------
--------------------------------------------------------------------------
Sorry!  You were supposed to get help about:
    mpi_init:startup:internal-failure
But I couldn't open the help file:
    /projects/sems/install/rhel7-x86_64/sems/compiler/gcc/4.8.5/openmpi/1.10.1/share/openmpi/help-mpi-runtime: No such file or directory.  Sorry!
--------------------------------------------------------------------------
*** An error occurred in MPI_Init
*** on a NULL communicator
*** MPI_ERRORS_ARE_FATAL (processes in this communicator will now abort,
***    and potentially your MPI job)
[cpn-u22-39.compute.cbls.ccr.buffalo.edu:55414] Local abort before MPI_INIT completed successfully; not able to aggregate error messages, and not able to guarantee that all other processes were killed!
--------------------------------------------------------------------------
Sorry!  You were supposed to get help about:
    opal_init:startup:internal-failure
But I couldn't open the help file:
    /projects/sems/install/rhel7-x86_64/sems/compiler/gcc/4.8.5/openmpi/1.10.1/share/openmpi/help-opal-runtime.txt: No such file or directory.  Sorry!
--------------------------------------------------------------------------
--------------------------------------------------------------------------
Sorry!  You were supposed to get help about:
    orte_init:startup:internal-failure
But I couldn't open the help file:
    /projects/sems/install/rhel7-x86_64/sems/compiler/gcc/4.8.5/openmpi/1.10.1/share/openmpi/help-orte-runtime: No such file or directory.  Sorry!
--------------------------------------------------------------------------
--------------------------------------------------------------------------
Sorry!  You were supposed to get help about:
    mpi_init:startup:internal-failure
But I couldn't open the help file:
    /projects/sems/install/rhel7-x86_64/sems/compiler/gcc/4.8.5/openmpi/1.10.1/share/openmpi/help-mpi-runtime: No such file or directory.  Sorry!
--------------------------------------------------------------------------
*** An error occurred in MPI_Init
*** on a NULL communicator
*** MPI_ERRORS_ARE_FATAL (processes in this communicator will now abort,
***    and potentially your MPI job)
[cpn-u22-39.compute.cbls.ccr.buffalo.edu:55416] Local abort before MPI_INIT completed successfully; not able to aggregate error messages, and not able to guarantee that all other processes were killed!
--------------------------------------------------------------------------
Sorry!  You were supposed to get help about:
    opal_init:startup:internal-failure
But I couldn't open the help file:
    /projects/sems/install/rhel7-x86_64/sems/compiler/gcc/4.8.5/openmpi/1.10.1/share/openmpi/help-opal-runtime.txt: No such file or directory.  Sorry!
--------------------------------------------------------------------------
--------------------------------------------------------------------------
Sorry!  You were supposed to get help about:
    orte_init:startup:internal-failure
But I couldn't open the help file:
    /projects/sems/install/rhel7-x86_64/sems/compiler/gcc/4.8.5/openmpi/1.10.1/share/openmpi/help-orte-runtime: No such file or directory.  Sorry!
--------------------------------------------------------------------------
--------------------------------------------------------------------------
Sorry!  You were supposed to get help about:
    mpi_init:startup:internal-failure
But I couldn't open the help file:
    /projects/sems/install/rhel7-x86_64/sems/compiler/gcc/4.8.5/openmpi/1.10.1/share/openmpi/help-mpi-runtime: No such file or directory.  Sorry!
--------------------------------------------------------------------------
*** An error occurred in MPI_Init
*** on a NULL communicator
*** MPI_ERRORS_ARE_FATAL (processes in this communicator will now abort,
***    and potentially your MPI job)
[cpn-u22-39.compute.cbls.ccr.buffalo.edu:55417] Local abort before MPI_INIT completed successfully; not able to aggregate error messages, and not able to guarantee that all other processes were killed!
--------------------------------------------------------------------------
Sorry!  You were supposed to get help about:
    opal_init:startup:internal-failure
But I couldn't open the help file:
    /projects/sems/install/rhel7-x86_64/sems/compiler/gcc/4.8.5/openmpi/1.10.1/share/openmpi/help-opal-runtime.txt: No such file or directory.  Sorry!
--------------------------------------------------------------------------
--------------------------------------------------------------------------
Sorry!  You were supposed to get help about:
    orte_init:startup:internal-failure
But I couldn't open the help file:
    /projects/sems/install/rhel7-x86_64/sems/compiler/gcc/4.8.5/openmpi/1.10.1/share/openmpi/help-orte-runtime: No such file or directory.  Sorry!
--------------------------------------------------------------------------
--------------------------------------------------------------------------
Sorry!  You were supposed to get help about:
    mpi_init:startup:internal-failure
But I couldn't open the help file:
    /projects/sems/install/rhel7-x86_64/sems/compiler/gcc/4.8.5/openmpi/1.10.1/share/openmpi/help-mpi-runtime: No such file or directory.  Sorry!
--------------------------------------------------------------------------
*** An error occurred in MPI_Init
*** on a NULL communicator
*** MPI_ERRORS_ARE_FATAL (processes in this communicator will now abort,
***    and potentially your MPI job)
[cpn-u22-39.compute.cbls.ccr.buffalo.edu:55419] Local abort before MPI_INIT completed successfully; not able to aggregate error messages, and not able to guarantee that all other processes were killed!
*** An error occurred in MPI_Init
*** on a NULL communicator
*** MPI_ERRORS_ARE_FATAL (processes in this communicator will now abort,
***    and potentially your MPI job)
[cpn-u22-39.compute.cbls.ccr.buffalo.edu:55420] Local abort before MPI_INIT completed successfully; not able to aggregate error messages, and not able to guarantee that all other processes were killed!
--------------------------------------------------------------------------
Sorry!  You were supposed to get help about:
    opal_init:startup:internal-failure
But I couldn't open the help file:
    /projects/sems/install/rhel7-x86_64/sems/compiler/gcc/4.8.5/openmpi/1.10.1/share/openmpi/help-opal-runtime.txt: No such file or directory.  Sorry!
--------------------------------------------------------------------------
--------------------------------------------------------------------------
Sorry!  You were supposed to get help about:
    orte_init:startup:internal-failure
But I couldn't open the help file:
    /projects/sems/install/rhel7-x86_64/sems/compiler/gcc/4.8.5/openmpi/1.10.1/share/openmpi/help-orte-runtime: No such file or directory.  Sorry!
--------------------------------------------------------------------------
--------------------------------------------------------------------------
Sorry!  You were supposed to get help about:
    mpi_init:startup:internal-failure
But I couldn't open the help file:
    /projects/sems/install/rhel7-x86_64/sems/compiler/gcc/4.8.5/openmpi/1.10.1/share/openmpi/help-mpi-runtime: No such file or directory.  Sorry!
--------------------------------------------------------------------------
*** An error occurred in MPI_Init
*** on a NULL communicator
*** MPI_ERRORS_ARE_FATAL (processes in this communicator will now abort,
***    and potentially your MPI job)
[cpn-u22-39.compute.cbls.ccr.buffalo.edu:55422] Local abort before MPI_INIT completed successfully; not able to aggregate error messages, and not able to guarantee that all other processes were killed!
--------------------------------------------------------------------------
Sorry!  You were supposed to get help about:
    opal_init:startup:internal-failure
But I couldn't open the help file:
    /projects/sems/install/rhel7-x86_64/sems/compiler/gcc/4.8.5/openmpi/1.10.1/share/openmpi/help-opal-runtime.txt: No such file or directory.  Sorry!
--------------------------------------------------------------------------
--------------------------------------------------------------------------
Sorry!  You were supposed to get help about:
    orte_init:startup:internal-failure
But I couldn't open the help file:
    /projects/sems/install/rhel7-x86_64/sems/compiler/gcc/4.8.5/openmpi/1.10.1/share/openmpi/help-orte-runtime: No such file or directory.  Sorry!
--------------------------------------------------------------------------
--------------------------------------------------------------------------
Sorry!  You were supposed to get help about:
    mpi_init:startup:internal-failure
But I couldn't open the help file:
    /projects/sems/install/rhel7-x86_64/sems/compiler/gcc/4.8.5/openmpi/1.10.1/share/openmpi/help-mpi-runtime: No such file or directory.  Sorry!
--------------------------------------------------------------------------
*** An error occurred in MPI_Init
*** on a NULL communicator
*** MPI_ERRORS_ARE_FATAL (processes in this communicator will now abort,
***    and potentially your MPI job)
[cpn-u22-39.compute.cbls.ccr.buffalo.edu:55423] Local abort before MPI_INIT completed successfully; not able to aggregate error messages, and not able to guarantee that all other processes were killed!
--------------------------------------------------------------------------
Sorry!  You were supposed to get help about:
    opal_init:startup:internal-failure
But I couldn't open the help file:
    /projects/sems/install/rhel7-x86_64/sems/compiler/gcc/4.8.5/openmpi/1.10.1/share/openmpi/help-opal-runtime.txt: No such file or directory.  Sorry!
--------------------------------------------------------------------------
--------------------------------------------------------------------------
Sorry!  You were supposed to get help about:
    orte_init:startup:internal-failure
But I couldn't open the help file:
    /projects/sems/install/rhel7-x86_64/sems/compiler/gcc/4.8.5/openmpi/1.10.1/share/openmpi/help-orte-runtime: No such file or directory.  Sorry!
--------------------------------------------------------------------------
--------------------------------------------------------------------------
Sorry!  You were supposed to get help about:
    mpi_init:startup:internal-failure
But I couldn't open the help file:
    /projects/sems/install/rhel7-x86_64/sems/compiler/gcc/4.8.5/openmpi/1.10.1/share/openmpi/help-mpi-runtime: No such file or directory.  Sorry!
--------------------------------------------------------------------------
*** An error occurred in MPI_Init
*** on a NULL communicator
*** MPI_ERRORS_ARE_FATAL (processes in this communicator will now abort,
***    and potentially your MPI job)
[cpn-u22-39.compute.cbls.ccr.buffalo.edu:55424] Local abort before MPI_INIT completed successfully; not able to aggregate error messages, and not able to guarantee that all other processes were killed!
--------------------------------------------------------------------------
Sorry!  You were supposed to get help about:
    opal_init:startup:internal-failure
But I couldn't open the help file:
    /projects/sems/install/rhel7-x86_64/sems/compiler/gcc/4.8.5/openmpi/1.10.1/share/openmpi/help-opal-runtime.txt: No such file or directory.  Sorry!
--------------------------------------------------------------------------
--------------------------------------------------------------------------
Sorry!  You were supposed to get help about:
    orte_init:startup:internal-failure
But I couldn't open the help file:
    /projects/sems/install/rhel7-x86_64/sems/compiler/gcc/4.8.5/openmpi/1.10.1/share/openmpi/help-orte-runtime: No such file or directory.  Sorry!
--------------------------------------------------------------------------
--------------------------------------------------------------------------
Sorry!  You were supposed to get help about:
    mpi_init:startup:internal-failure
But I couldn't open the help file:
    /projects/sems/install/rhel7-x86_64/sems/compiler/gcc/4.8.5/openmpi/1.10.1/share/openmpi/help-mpi-runtime: No such file or directory.  Sorry!
--------------------------------------------------------------------------
*** An error occurred in MPI_Init
*** on a NULL communicator
*** MPI_ERRORS_ARE_FATAL (processes in this communicator will now abort,
***    and potentially your MPI job)
[cpn-u22-39.compute.cbls.ccr.buffalo.edu:55426] Local abort before MPI_INIT completed successfully; not able to aggregate error messages, and not able to guarantee that all other processes were killed!
--------------------------------------------------------------------------
Sorry!  You were supposed to get help about:
    opal_init:startup:internal-failure
But I couldn't open the help file:
    /projects/sems/install/rhel7-x86_64/sems/compiler/gcc/4.8.5/openmpi/1.10.1/share/openmpi/help-opal-runtime.txt: No such file or directory.  Sorry!
--------------------------------------------------------------------------
--------------------------------------------------------------------------
Sorry!  You were supposed to get help about:
    orte_init:startup:internal-failure
But I couldn't open the help file:
    /projects/sems/install/rhel7-x86_64/sems/compiler/gcc/4.8.5/openmpi/1.10.1/share/openmpi/help-orte-runtime: No such file or directory.  Sorry!
--------------------------------------------------------------------------
--------------------------------------------------------------------------
Sorry!  You were supposed to get help about:
    mpi_init:startup:internal-failure
But I couldn't open the help file:
    /projects/sems/install/rhel7-x86_64/sems/compiler/gcc/4.8.5/openmpi/1.10.1/share/openmpi/help-mpi-runtime: No such file or directory.  Sorry!
--------------------------------------------------------------------------
*** An error occurred in MPI_Init
*** on a NULL communicator
*** MPI_ERRORS_ARE_FATAL (processes in this communicator will now abort,
***    and potentially your MPI job)
[cpn-u22-39.compute.cbls.ccr.buffalo.edu:55427] Local abort before MPI_INIT completed successfully; not able to aggregate error messages, and not able to guarantee that all other processes were killed!
--------------------------------------------------------------------------
Sorry!  You were supposed to get help about:
    opal_init:startup:internal-failure
But I couldn't open the help file:
    /projects/sems/install/rhel7-x86_64/sems/compiler/gcc/4.8.5/openmpi/1.10.1/share/openmpi/help-opal-runtime.txt: No such file or directory.  Sorry!
--------------------------------------------------------------------------
--------------------------------------------------------------------------
Sorry!  You were supposed to get help about:
    orte_init:startup:internal-failure
But I couldn't open the help file:
    /projects/sems/install/rhel7-x86_64/sems/compiler/gcc/4.8.5/openmpi/1.10.1/share/openmpi/help-orte-runtime: No such file or directory.  Sorry!
--------------------------------------------------------------------------
--------------------------------------------------------------------------
Sorry!  You were supposed to get help about:
    mpi_init:startup:internal-failure
But I couldn't open the help file:
    /projects/sems/install/rhel7-x86_64/sems/compiler/gcc/4.8.5/openmpi/1.10.1/share/openmpi/help-mpi-runtime: No such file or directory.  Sorry!
--------------------------------------------------------------------------
*** An error occurred in MPI_Init
*** on a NULL communicator
*** MPI_ERRORS_ARE_FATAL (processes in this communicator will now abort,
***    and potentially your MPI job)
[cpn-u22-39.compute.cbls.ccr.buffalo.edu:55428] Local abort before MPI_INIT completed successfully; not able to aggregate error messages, and not able to guarantee that all other processes were killed!
--------------------------------------------------------------------------
Sorry!  You were supposed to get help about:
    opal_init:startup:internal-failure
But I couldn't open the help file:
    /projects/sems/install/rhel7-x86_64/sems/compiler/gcc/4.8.5/openmpi/1.10.1/share/openmpi/help-opal-runtime.txt: No such file or directory.  Sorry!
--------------------------------------------------------------------------
--------------------------------------------------------------------------
Sorry!  You were supposed to get help about:
    orte_init:startup:internal-failure
But I couldn't open the help file:
    /projects/sems/install/rhel7-x86_64/sems/compiler/gcc/4.8.5/openmpi/1.10.1/share/openmpi/help-orte-runtime: No such file or directory.  Sorry!
--------------------------------------------------------------------------
--------------------------------------------------------------------------
Sorry!  You were supposed to get help about:
    mpi_init:startup:internal-failure
But I couldn't open the help file:
    /projects/sems/install/rhel7-x86_64/sems/compiler/gcc/4.8.5/openmpi/1.10.1/share/openmpi/help-mpi-runtime: No such file or directory.  Sorry!
--------------------------------------------------------------------------
*** An error occurred in MPI_Init
--------------------------------------------------------------------------
Sorry!  You were supposed to get help about:
    opal_init:startup:internal-failure
But I couldn't open the help file:
    /projects/sems/install/rhel7-x86_64/sems/compiler/gcc/4.8.5/openmpi/1.10.1/share/openmpi/help-opal-runtime.txt: No such file or directory.  Sorry!
--------------------------------------------------------------------------
--------------------------------------------------------------------------
Sorry!  You were supposed to get help about:
    orte_init:startup:internal-failure
But I couldn't open the help file:
    /projects/sems/install/rhel7-x86_64/sems/compiler/gcc/4.8.5/openmpi/1.10.1/share/openmpi/help-orte-runtime: No such file or directory.  Sorry!
--------------------------------------------------------------------------
--------------------------------------------------------------------------
Sorry!  You were supposed to get help about:
    mpi_init:startup:internal-failure
But I couldn't open the help file:
    /projects/sems/install/rhel7-x86_64/sems/compiler/gcc/4.8.5/openmpi/1.10.1/share/openmpi/help-mpi-runtime: No such file or directory.  Sorry!
--------------------------------------------------------------------------
*** An error occurred in MPI_Init
*** on a NULL communicator
*** MPI_ERRORS_ARE_FATAL (processes in this communicator will now abort,
***    and potentially your MPI job)
[cpn-u22-39.compute.cbls.ccr.buffalo.edu:55415] Local abort before MPI_INIT completed successfully; not able to aggregate error messages, and not able to guarantee that all other processes were killed!
*** on a NULL communicator
*** MPI_ERRORS_ARE_FATAL (processes in this communicator will now abort,
***    and potentially your MPI job)
[cpn-u22-39.compute.cbls.ccr.buffalo.edu:55418] Local abort before MPI_INIT completed successfully; not able to aggregate error messages, and not able to guarantee that all other processes were killed!
--------------------------------------------------------------------------
Sorry!  You were supposed to get help about:
    opal_init:startup:internal-failure
But I couldn't open the help file:
    /projects/sems/install/rhel7-x86_64/sems/compiler/gcc/4.8.5/openmpi/1.10.1/share/openmpi/help-opal-runtime.txt: No such file or directory.  Sorry!
--------------------------------------------------------------------------
--------------------------------------------------------------------------
Sorry!  You were supposed to get help about:
    orte_init:startup:internal-failure
But I couldn't open the help file:
    /projects/sems/install/rhel7-x86_64/sems/compiler/gcc/4.8.5/openmpi/1.10.1/share/openmpi/help-orte-runtime: No such file or directory.  Sorry!
--------------------------------------------------------------------------
--------------------------------------------------------------------------
Sorry!  You were supposed to get help about:
    mpi_init:startup:internal-failure
But I couldn't open the help file:
    /projects/sems/install/rhel7-x86_64/sems/compiler/gcc/4.8.5/openmpi/1.10.1/share/openmpi/help-mpi-runtime: No such file or directory.  Sorry!
--------------------------------------------------------------------------
*** An error occurred in MPI_Init
*** on a NULL communicator
--------------------------------------------------------------------------
Sorry!  You were supposed to get help about:
    opal_init:startup:internal-failure
But I couldn't open the help file:
    /projects/sems/install/rhel7-x86_64/sems/compiler/gcc/4.8.5/openmpi/1.10.1/share/openmpi/help-opal-runtime.txt: No such file or directory.  Sorry!
--------------------------------------------------------------------------
--------------------------------------------------------------------------
Sorry!  You were supposed to get help about:
    orte_init:startup:internal-failure
But I couldn't open the help file:
    /projects/sems/install/rhel7-x86_64/sems/compiler/gcc/4.8.5/openmpi/1.10.1/share/openmpi/help-orte-runtime: No such file or directory.  Sorry!
--------------------------------------------------------------------------
--------------------------------------------------------------------------
Sorry!  You were supposed to get help about:
    mpi_init:startup:internal-failure
But I couldn't open the help file:
    /projects/sems/install/rhel7-x86_64/sems/compiler/gcc/4.8.5/openmpi/1.10.1/share/openmpi/help-mpi-runtime: No such file or directory.  Sorry!
--------------------------------------------------------------------------
*** An error occurred in MPI_Init
*** on a NULL communicator
*** MPI_ERRORS_ARE_FATAL (processes in this communicator will now abort,
***    and potentially your MPI job)
[cpn-u22-39.compute.cbls.ccr.buffalo.edu:55421] Local abort before MPI_INIT completed successfully; not able to aggregate error messages, and not able to guarantee that all other processes were killed!
*** MPI_ERRORS_ARE_FATAL (processes in this communicator will now abort,
***    and potentially your MPI job)
[cpn-u22-39.compute.cbls.ccr.buffalo.edu:55425] Local abort before MPI_INIT completed successfully; not able to aggregate error messages, and not able to guarantee that all other processes were killed!
srun: error: cpn-u22-39: tasks 0-15: Exited with exit code 1
srun: launch/slurm: _step_signal: Terminating StepId=8602099.0
